

*******************************************************************************
Thu Jan 11 16:25:57 2024


FIT:    data read from "data.txt" u 1:2
        format = x:z
        #datapoints = 13
        residuals are weighted equally (unit weight)

function used for fitting: f(x)
	f(x)=a*log10(x-b) + c
fitted parameters initialized with current variable values

iter      chisq       delta/lim  lambda   a             b             c            
   0 1.9909735570e+02   0.00e+00  6.29e-01    1.000000e+00   1.000000e+00   1.000000e+00
   3 2.0390655003e+01  -4.26e-02  6.29e-03    1.126188e+00   2.350472e+00   4.289610e+00

After 3 iterations the fit converged.
final sum of squares of residuals : 20.3907
rel. change during last iteration : -4.25742e-07

degrees of freedom    (FIT_NDF)                        : 10
rms of residuals      (FIT_STDFIT) = sqrt(WSSR/ndf)    : 1.42796
variance of residuals (reduced chisquare) = WSSR/ndf   : 2.03907

Final set of parameters            Asymptotic Standard Error
=======================            ==========================
a               = 1.12619          +/- 1.085e+10    (9.631e+11%)
b               = 2.35047          +/- 2.266e+10    (9.64e+11%)
c               = 4.28961          +/- 8.738e+09    (2.037e+11%)

correlation matrix of the fit parameters:
                a      b      c      
a               1.000 
b               1.000  1.000 
c              -1.000 -1.000  1.000 


*******************************************************************************
Thu Jan 11 16:26:50 2024


FIT:    data read from "data.txt" u 1:2
        format = x:z
        #datapoints = 13
        residuals are weighted equally (unit weight)

function used for fitting: f(x)
	f(x)=a*log10(b-x) + c
fitted parameters initialized with current variable values

iter      chisq       delta/lim  lambda   a             b             c            
   0 2.0390655003e+01   0.00e+00  2.50e+00    1.126188e+00   2.350472e+00   4.289610e+00
   1 2.0390654988e+01  -7.66e-05  2.50e-01    1.126203e+00   2.350444e+00   4.289639e+00

After 1 iterations the fit converged.
final sum of squares of residuals : 20.3907
rel. change during last iteration : -7.65879e-10

degrees of freedom    (FIT_NDF)                        : 10
rms of residuals      (FIT_STDFIT) = sqrt(WSSR/ndf)    : 1.42796
variance of residuals (reduced chisquare) = WSSR/ndf   : 2.03907

Final set of parameters            Asymptotic Standard Error
=======================            ==========================
a               = 1.1262           +/- 1.083e+10    (9.617e+11%)
b               = 2.35044          +/- 2.262e+10    (9.626e+11%)
c               = 4.28964          +/- 8.725e+09    (2.034e+11%)

correlation matrix of the fit parameters:
                a      b      c      
a               1.000 
b               1.000  1.000 
c              -1.000 -1.000  1.000 


*******************************************************************************
Thu Jan 11 16:27:57 2024


FIT:    data read from "data.txt" u 1:2
        format = x:z
        #datapoints = 13
        residuals are weighted equally (unit weight)

function used for fitting: f(x)
	f(x)=a*log10(b-x) + c
fitted parameters initialized with current variable values

iter      chisq       delta/lim  lambda   a             b             c            
   0 4.3882821251e+02   0.00e+00  5.78e+00   -1.000000e+00   4.160000e-01   1.000000e+01
   3 2.0391561943e+01  -8.33e-03  5.78e-02   -9.761627e-01   4.271173e-01   4.346869e+00

After 3 iterations the fit converged.
final sum of squares of residuals : 20.3916
rel. change during last iteration : -8.32615e-08

degrees of freedom    (FIT_NDF)                        : 10
rms of residuals      (FIT_STDFIT) = sqrt(WSSR/ndf)    : 1.42799
variance of residuals (reduced chisquare) = WSSR/ndf   : 2.03916

Final set of parameters            Asymptotic Standard Error
=======================            ==========================
a               = -0.976163        +/- 3.597e+08    (3.685e+10%)
b               = 0.427117         +/- 1.575e+08    (3.688e+10%)
c               = 4.34687          +/- 2.337e+07    (5.375e+08%)

correlation matrix of the fit parameters:
                a      b      c      
a               1.000 
b              -1.000  1.000 
c              -1.000  1.000  1.000 


*******************************************************************************
Thu Jan 11 16:30:30 2024


FIT:    data read from "data.txt" u 1:2
        format = x:z
        #datapoints = 13
        residuals are weighted equally (unit weight)

function used for fitting: f(x)
	f(x)=a*log10(b-x) + c
fitted parameters initialized with current variable values

iter      chisq       delta/lim  lambda   a             b             c            
   0 5.1823210081e+01   0.00e+00  9.78e+00   -9.761627e-01   4.271173e-01   4.346869e+00
   4 2.0393776494e+01  -5.40e-01  9.78e-02   -9.302065e-01   5.191298e-01   3.789157e+00

After 4 iterations the fit converged.
final sum of squares of residuals : 20.3938
rel. change during last iteration : -5.39732e-06

degrees of freedom    (FIT_NDF)                        : 10
rms of residuals      (FIT_STDFIT) = sqrt(WSSR/ndf)    : 1.42807
variance of residuals (reduced chisquare) = WSSR/ndf   : 2.03938

Final set of parameters            Asymptotic Standard Error
=======================            ==========================
a               = -0.930206        +/- 2.099e+07    (2.256e+09%)
b               = 0.51913          +/- 2.334e+06    (4.496e+08%)
c               = 3.78916          +/- 1.159e+07    (3.058e+08%)

correlation matrix of the fit parameters:
                a      b      c      
a               1.000 
b              -1.000  1.000 
c               1.000 -1.000  1.000 


*******************************************************************************
Thu Jan 11 16:32:32 2024


FIT:    data read from "data.txt" u 1:2
        format = x:z
        #datapoints = 13
        residuals are weighted equally (unit weight)

function used for fitting: f(x)
	f(x)=a*log10(x-b) + c
fitted parameters initialized with current variable values

iter      chisq       delta/lim  lambda   a             b             c            
   0 2.0393776494e+01   0.00e+00  2.54e+00   -9.302065e-01   5.191298e-01   3.789157e+00
   1 2.0393762748e+01  -6.74e-02  2.54e-01   -9.300996e-01   5.195968e-01   3.790957e+00

After 1 iterations the fit converged.
final sum of squares of residuals : 20.3938
rel. change during last iteration : -6.74046e-07

degrees of freedom    (FIT_NDF)                        : 10
rms of residuals      (FIT_STDFIT) = sqrt(WSSR/ndf)    : 1.42807
variance of residuals (reduced chisquare) = WSSR/ndf   : 2.03938

Final set of parameters            Asymptotic Standard Error
=======================            ==========================
a               = -0.9301          +/- 2.118e+07    (2.277e+09%)
b               = 0.519597         +/- 2.366e+06    (4.554e+08%)
c               = 3.79096          +/- 1.165e+07    (3.073e+08%)

correlation matrix of the fit parameters:
                a      b      c      
a               1.000 
b              -1.000  1.000 
c               1.000 -1.000  1.000 


*******************************************************************************
Thu Jan 11 16:35:30 2024


FIT:    data read from "data.txt" u 1:2
        format = x:z
        #datapoints = 13
        residuals are weighted equally (unit weight)

function used for fitting: f(x)
	f(x) = a*log10(x - b) + c
fitted parameters initialized with current variable values

iter      chisq       delta/lim  lambda   a             b             c            
   0 2.3414455577e+04   0.00e+00  8.81e+02   -1.000000e+01   4.160000e-01   1.000000e+01
   8 2.0387882876e+01  -1.38e-01  8.81e-02    4.474378e+00   9.171513e-01   6.050794e+00

After 8 iterations the fit converged.
final sum of squares of residuals : 20.3879
rel. change during last iteration : -1.37847e-06

degrees of freedom    (FIT_NDF)                        : 10
rms of residuals      (FIT_STDFIT) = sqrt(WSSR/ndf)    : 1.42786
variance of residuals (reduced chisquare) = WSSR/ndf   : 2.03879

Final set of parameters            Asymptotic Standard Error
=======================            ==========================
a               = 4.47438          +/- 4.955e+08    (1.107e+10%)
b               = 0.917151         +/- 5.558e+07    (6.06e+09%)
c               = 6.05079          +/- 6.664e+07    (1.101e+09%)

correlation matrix of the fit parameters:
                a      b      c      
a               1.000 
b               1.000  1.000 
c              -1.000 -1.000  1.000 


*******************************************************************************
Thu Jan 11 16:37:11 2024


FIT:    data read from "data.txt" u 1:2
        format = x:z
        #datapoints = 13
        residuals are weighted equally (unit weight)

function used for fitting: f(x)
	f(x) = a*log10(x - b) + c
fitted parameters initialized with current variable values

iter      chisq       delta/lim  lambda   a             b             c            
   0 2.0387882876e+01   0.00e+00  4.13e+00    4.474378e+00   9.171513e-01   6.050794e+00
   1 2.0387882083e+01  -3.89e-03  4.13e-01    4.474682e+00   9.170509e-01   6.051286e+00

After 1 iterations the fit converged.
final sum of squares of residuals : 20.3879
rel. change during last iteration : -3.89201e-08

degrees of freedom    (FIT_NDF)                        : 10
rms of residuals      (FIT_STDFIT) = sqrt(WSSR/ndf)    : 1.42786
variance of residuals (reduced chisquare) = WSSR/ndf   : 2.03879

Final set of parameters            Asymptotic Standard Error
=======================            ==========================
a               = 4.47468          +/- 4.953e+08    (1.107e+10%)
b               = 0.917051         +/- 5.554e+07    (6.057e+09%)
c               = 6.05129          +/- 6.657e+07    (1.1e+09%)

correlation matrix of the fit parameters:
                a      b      c      
a               1.000 
b               1.000  1.000 
c              -1.000 -1.000  1.000 


*******************************************************************************
Thu Jan 11 16:45:39 2024


FIT:    data read from "data.txt" u 1:2
        format = x:z
        #datapoints = 13
        residuals are weighted equally (unit weight)

function used for fitting: f(x)
	f(x) = a*log10(x - b) + c
fitted parameters initialized with current variable values

iter      chisq       delta/lim  lambda   a             b             c            
   0 3.0623039245e+03   0.00e+00  3.94e+02    4.474682e+00   4.160000e-01   6.051286e+00
   7 2.0379677757e+01  -1.53e-01  3.94e-01    3.563963e+00   5.211481e-01   8.196608e+00

After 7 iterations the fit converged.
final sum of squares of residuals : 20.3797
rel. change during last iteration : -1.52507e-06

degrees of freedom    (FIT_NDF)                        : 10
rms of residuals      (FIT_STDFIT) = sqrt(WSSR/ndf)    : 1.42757
variance of residuals (reduced chisquare) = WSSR/ndf   : 2.03797

Final set of parameters            Asymptotic Standard Error
=======================            ==========================
a               = 3.56396          +/- 2.181e+07    (6.12e+08%)
b               = 0.521148         +/- 6.454e+05    (1.238e+08%)
c               = 8.19661          +/- 1.186e+07    (1.447e+08%)

correlation matrix of the fit parameters:
                a      b      c      
a               1.000 
b               1.000  1.000 
c               1.000  1.000  1.000 


*******************************************************************************
Thu Jan 11 17:02:16 2024


FIT:    data read from "data.txt" u 1:2
        format = x:z
        x range restricted to [-10.0000 : 20.0000]
        #datapoints = 10
        residuals are weighted equally (unit weight)

function used for fitting: f(x)
	f(x) = a*log10(x - b) + c
fitted parameters initialized with current variable values

iter      chisq       delta/lim  lambda   a             b             c            
   0 1.8060213021e+04   0.00e+00  8.26e+02   -1.000000e+01   4.160000e-01   1.000000e+01
   9 1.7102524705e+01  -5.24e-02  8.26e-02    2.784742e+00   8.642634e-01   5.953786e+00

After 9 iterations the fit converged.
final sum of squares of residuals : 17.1025
rel. change during last iteration : -5.23619e-07

degrees of freedom    (FIT_NDF)                        : 7
rms of residuals      (FIT_STDFIT) = sqrt(WSSR/ndf)    : 1.56308
variance of residuals (reduced chisquare) = WSSR/ndf   : 2.44322

Final set of parameters            Asymptotic Standard Error
=======================            ==========================
a               = 2.78474          +/- 1.629e+09    (5.849e+10%)
b               = 0.864263         +/- 2.626e+08    (3.038e+10%)
c               = 5.95379          +/- 1.402e+08    (2.354e+09%)

correlation matrix of the fit parameters:
                a      b      c      
a               1.000 
b               1.000  1.000 
c              -1.000 -1.000  1.000 


*******************************************************************************
Thu Jan 11 17:06:10 2024


FIT:    data read from "data.txt" u 1:2
        format = x:z
        x range restricted to [-4.00000 : 26.0000]
        #datapoints = 10
        residuals are weighted equally (unit weight)

function used for fitting: f(x)
	f(x) = a*log10(x - b) + c
fitted parameters initialized with current variable values

iter      chisq       delta/lim  lambda   a             b             c            
   0 4.3758060217e+01   0.00e+00  4.16e+00    2.784742e+00   3.000000e-01   5.953786e+00
   3 1.7106164962e+01  -6.15e-01  4.16e-02    2.516400e+00   2.616797e-01   7.023338e+00

After 3 iterations the fit converged.
final sum of squares of residuals : 17.1062
rel. change during last iteration : -6.14969e-06

degrees of freedom    (FIT_NDF)                        : 7
rms of residuals      (FIT_STDFIT) = sqrt(WSSR/ndf)    : 1.56325
variance of residuals (reduced chisquare) = WSSR/ndf   : 2.44374

Final set of parameters            Asymptotic Standard Error
=======================            ==========================
a               = 2.5164           +/- 1.929e+08    (7.667e+09%)
b               = 0.26168          +/- 1.183e+07    (4.519e+09%)
c               = 7.02334          +/- 7.276e+07    (1.036e+09%)

correlation matrix of the fit parameters:
                a      b      c      
a               1.000 
b              -1.000  1.000 
c               1.000 -1.000  1.000 


*******************************************************************************
Thu Jan 11 17:15:45 2024


FIT:    data read from "data.txt" u 1:2
        format = x:z
        x range restricted to [-13.0000 : 17.0000]
        #datapoints = 10
        residuals are weighted equally (unit weight)

function used for fitting: f(x)
	f(x) = a*log10(x - b) + c
fitted parameters initialized with current variable values

iter      chisq       delta/lim  lambda   a             b             c            
   0 2.0808402553e+03   0.00e+00  1.02e+01   -1.000000e+01   3.000000e-01   1.000000e+01
   4 1.7101136873e+01  -7.91e-02  1.02e-01   -4.276690e+00   1.272574e-01   2.676875e+00

After 4 iterations the fit converged.
final sum of squares of residuals : 17.1011
rel. change during last iteration : -7.90627e-07

degrees of freedom    (FIT_NDF)                        : 7
rms of residuals      (FIT_STDFIT) = sqrt(WSSR/ndf)    : 1.56302
variance of residuals (reduced chisquare) = WSSR/ndf   : 2.44302

Final set of parameters            Asymptotic Standard Error
=======================            ==========================
a               = -4.27669         +/- 6.754e+08    (1.579e+10%)
b               = 0.127257         +/- 4.561e+07    (3.584e+10%)
c               = 2.67687          +/- 7.093e+07    (2.65e+09%)

correlation matrix of the fit parameters:
                a      b      c      
a               1.000 
b               1.000  1.000 
c               1.000  1.000  1.000 


*******************************************************************************
Thu Jan 11 17:18:38 2024


FIT:    data read from "data.txt" u 1:2
        format = x:z
        x range restricted to [-13.0000 : 17.0000]
        #datapoints = 10
        residuals are weighted equally (unit weight)

function used for fitting: f(x)
	f(x) = a*log(x - b) + c
fitted parameters initialized with current variable values

iter      chisq       delta/lim  lambda   a             b             c            
   0 1.0733063980e+02   0.00e+00  3.60e+00   -4.276690e+00   1.272574e-01   2.676875e+00
   3 1.7100521513e+01  -1.42e-01  3.60e-02   -2.483340e+00   1.089230e-01   2.052459e+00

After 3 iterations the fit converged.
final sum of squares of residuals : 17.1005
rel. change during last iteration : -1.42473e-06

degrees of freedom    (FIT_NDF)                        : 7
rms of residuals      (FIT_STDFIT) = sqrt(WSSR/ndf)    : 1.56299
variance of residuals (reduced chisquare) = WSSR/ndf   : 2.44293

Final set of parameters            Asymptotic Standard Error
=======================            ==========================
a               = -2.48334         +/- 3.318e+08    (1.336e+10%)
b               = 0.108923         +/- 4.104e+07    (3.768e+10%)
c               = 2.05246          +/- 5.98e+07     (2.913e+09%)

correlation matrix of the fit parameters:
                a      b      c      
a               1.000 
b               1.000  1.000 
c               1.000  1.000  1.000 


*******************************************************************************
Thu Jan 11 17:19:24 2024


FIT:    data read from "data.txt" u 1:2
        format = x:z
        x range restricted to [-13.0000 : 17.0000]
        #datapoints = 10
        residuals are weighted equally (unit weight)

function used for fitting: f(x)
	f(x) = a*log10(x - b) + c
fitted parameters initialized with current variable values

iter      chisq       delta/lim  lambda   a             b             c            
   0 4.4583791339e+01   0.00e+00  1.41e+00   -2.483340e+00   1.089230e-01   2.052459e+00
   3 1.7101618073e+01  -2.34e-01  1.41e-02   -3.465080e+00   1.231730e-01   3.135759e+00

After 3 iterations the fit converged.
final sum of squares of residuals : 17.1016
rel. change during last iteration : -2.34006e-06

degrees of freedom    (FIT_NDF)                        : 7
rms of residuals      (FIT_STDFIT) = sqrt(WSSR/ndf)    : 1.56304
variance of residuals (reduced chisquare) = WSSR/ndf   : 2.44309

Final set of parameters            Asymptotic Standard Error
=======================            ==========================
a               = -3.46508         +/- 6.945e+08    (2.004e+10%)
b               = 0.123173         +/- 5.87e+07     (4.766e+10%)
c               = 3.13576          +/- 6.87e+07     (2.191e+09%)

correlation matrix of the fit parameters:
                a      b      c      
a               1.000 
b               1.000  1.000 
c               1.000  1.000  1.000 


*******************************************************************************
Thu Jan 11 23:19:26 2024


FIT:    data read from "data.txt" u 1:2
        format = x:z
        #datapoints = 7
        residuals are weighted equally (unit weight)

function used for fitting: f(x)
	f(x) = a*log10(x - b) + c
fitted parameters initialized with current variable values

iter      chisq       delta/lim  lambda   a             b             c            
   0 2.6050135559e+03   0.00e+00  5.50e+02   -5.000000e+00   4.150000e-01   1.000000e+01
   6 1.2718408890e+01  -3.05e-02  5.50e-02   -3.527535e+00   1.353395e-01   3.470473e+00

After 6 iterations the fit converged.
final sum of squares of residuals : 12.7184
rel. change during last iteration : -3.04825e-07

degrees of freedom    (FIT_NDF)                        : 4
rms of residuals      (FIT_STDFIT) = sqrt(WSSR/ndf)    : 1.78314
variance of residuals (reduced chisquare) = WSSR/ndf   : 3.1796

Final set of parameters            Asymptotic Standard Error
=======================            ==========================
a               = -3.52753         +/- 4.264e+09    (1.209e+11%)
b               = 0.135339         +/- 3.393e+08    (2.507e+11%)
c               = 3.47047          +/- 5.004e+08    (1.442e+10%)

correlation matrix of the fit parameters:
                a      b      c      
a               1.000 
b               1.000  1.000 
c               1.000  1.000  1.000 


*******************************************************************************
Thu Jan 11 23:25:25 2024


FIT:    data read from "data.txt" u 1:2
        format = x:z
        x range restricted to [-8.00000 : 12.0000]
        #datapoints = 6
        residuals are weighted equally (unit weight)

function used for fitting: f(x)
	f(x) = a*log10(x - b) + c
fitted parameters initialized with current variable values

iter      chisq       delta/lim  lambda   a             b             c            
   0 1.1128736896e+01   0.00e+00  2.34e+00   -3.527535e+00   1.353395e-01   3.470473e+00
   3 1.0863754078e+01  -3.06e-02  2.34e-02   -3.469366e+00   1.346399e-01   3.296163e+00

After 3 iterations the fit converged.
final sum of squares of residuals : 10.8638
rel. change during last iteration : -3.05591e-07

degrees of freedom    (FIT_NDF)                        : 3
rms of residuals      (FIT_STDFIT) = sqrt(WSSR/ndf)    : 1.90296
variance of residuals (reduced chisquare) = WSSR/ndf   : 3.62125

Final set of parameters            Asymptotic Standard Error
=======================            ==========================
a               = -3.46937         +/- 5.013e+09    (1.445e+11%)
b               = 0.13464          +/- 4.066e+08    (3.02e+11%)
c               = 3.29616          +/- 5.829e+08    (1.768e+10%)

correlation matrix of the fit parameters:
                a      b      c      
a               1.000 
b               1.000  1.000 
c               1.000  1.000  1.000 


*******************************************************************************
Thu Jan 11 23:25:34 2024


FIT:    data read from "data.txt" u 1:2
        format = x:z
        x range restricted to [-8.00000 : 12.0000]
        #datapoints = 6
        residuals are weighted equally (unit weight)

function used for fitting: f(x)
	f(x) = a*log10(x - b) + c
fitted parameters initialized with current variable values

iter      chisq       delta/lim  lambda   a             b             c            
   0 1.0863754078e+01   0.00e+00  2.24e+00   -3.469366e+00   1.346399e-01   3.296163e+00
   1 1.0863754043e+01  -3.20e-04  2.24e-01   -3.469517e+00   1.346430e-01   3.296057e+00

After 1 iterations the fit converged.
final sum of squares of residuals : 10.8638
rel. change during last iteration : -3.20402e-09

degrees of freedom    (FIT_NDF)                        : 3
rms of residuals      (FIT_STDFIT) = sqrt(WSSR/ndf)    : 1.90296
variance of residuals (reduced chisquare) = WSSR/ndf   : 3.62125

Final set of parameters            Asymptotic Standard Error
=======================            ==========================
a               = -3.46952         +/- 5.01e+09     (1.444e+11%)
b               = 0.134643         +/- 4.064e+08    (3.018e+11%)
c               = 3.29606          +/- 5.826e+08    (1.768e+10%)

correlation matrix of the fit parameters:
                a      b      c      
a               1.000 
b               1.000  1.000 
c               1.000  1.000  1.000 


*******************************************************************************
Tue Jan 23 11:50:49 2024


FIT:    data read from "data.txt" u 1:2
        format = x:z
        #datapoints = 16
        residuals are weighted equally (unit weight)

function used for fitting: f(x)
	f(x) = a*log10(x - b) + c
fitted parameters initialized with current variable values

iter      chisq       delta/lim  lambda   a             b             c            
   0 7.3133499955e+02   0.00e+00  8.59e+00   -1.000000e+00   4.000000e-01   1.000000e+01
   3 4.0294077942e+01  -4.26e-01  8.59e-02   -9.304662e-01   2.676655e-01   4.448169e+00

After 3 iterations the fit converged.
final sum of squares of residuals : 40.2941
rel. change during last iteration : -4.26145e-06

degrees of freedom    (FIT_NDF)                        : 13
rms of residuals      (FIT_STDFIT) = sqrt(WSSR/ndf)    : 1.76055
variance of residuals (reduced chisquare) = WSSR/ndf   : 3.09954

Final set of parameters            Asymptotic Standard Error
=======================            ==========================
a               = -0.930466        +/- 4.91e+07     (5.277e+09%)
b               = 0.267665         +/- 7.825e+06    (2.923e+09%)
c               = 4.44817          +/- 1.936e+07    (4.352e+08%)

correlation matrix of the fit parameters:
                a      b      c      
a               1.000 
b               1.000  1.000 
c               1.000  1.000  1.000 


*******************************************************************************
Tue Jan 23 12:12:38 2024


FIT:    data read from "data.txt" u 1:2
        format = x:z
        #datapoints = 17
        residuals are weighted equally (unit weight)

function used for fitting: f(x)
	f(x) = a*log10(x - b) + c
fitted parameters initialized with current variable values

iter      chisq       delta/lim  lambda   a             b             c            
   0 4.2527914094e+02   0.00e+00  7.32e-01    1.000000e+00   1.000000e+00   1.000000e+00
   3 5.3754282081e+01  -7.73e-01  7.32e-03    8.930067e-01   3.173044e+00   5.047835e+00

After 3 iterations the fit converged.
final sum of squares of residuals : 53.7543
rel. change during last iteration : -7.73196e-06

degrees of freedom    (FIT_NDF)                        : 14
rms of residuals      (FIT_STDFIT) = sqrt(WSSR/ndf)    : 1.95949
variance of residuals (reduced chisquare) = WSSR/ndf   : 3.83959

Final set of parameters            Asymptotic Standard Error
=======================            ==========================
a               = 0.893007         +/- 1.831e+10    (2.051e+12%)
b               = 3.17304          +/- 5.66e+10     (1.784e+12%)
c               = 5.04783          +/- 1.602e+10    (3.174e+11%)

correlation matrix of the fit parameters:
                a      b      c      
a               1.000 
b               1.000  1.000 
c              -1.000 -1.000  1.000 


*******************************************************************************
Tue Jan 23 12:13:00 2024


FIT:    data read from "data.txt" u 1:2
        format = x:z
        #datapoints = 17
        residuals are weighted equally (unit weight)

function used for fitting: f(x)
	f(x) = a*log10(x - b) + c
fitted parameters initialized with current variable values

iter      chisq       delta/lim  lambda   a             b             c            
   0 7.3912801592e+02   0.00e+00  8.59e+00   -1.000000e+00   4.000000e-01   1.000000e+01
   3 5.3750319714e+01  -3.54e-01  8.59e-02   -9.338221e-01   2.734572e-01   4.651726e+00

After 3 iterations the fit converged.
final sum of squares of residuals : 53.7503
rel. change during last iteration : -3.54411e-06

degrees of freedom    (FIT_NDF)                        : 14
rms of residuals      (FIT_STDFIT) = sqrt(WSSR/ndf)    : 1.95942
variance of residuals (reduced chisquare) = WSSR/ndf   : 3.83931

Final set of parameters            Asymptotic Standard Error
=======================            ==========================
a               = -0.933822        +/- 4.961e+07    (5.312e+09%)
b               = 0.273457         +/- 7.569e+06    (2.768e+09%)
c               = 4.65173          +/- 2.042e+07    (4.389e+08%)

correlation matrix of the fit parameters:
                a      b      c      
a               1.000 
b               1.000  1.000 
c               1.000  1.000  1.000 
